size: 108 noofinsert:0 pos(0,0) val(0,0)
pos(25216,722) val(15824,216)
size: 108 noofinsert:0 pos(0,0) val(0,0)
pos(-14720,728) val(21216,216)
size: 108 noofinsert:0 pos(0,0) val(0,0)
pos(25928,766) val(15600,216)
size: 108 noofinsert:0 pos(0,0) val(0,0)
pos(-15424,766) val(14976,216)
size: 108 noofinsert:0 pos(0,0) val(0,0)
pos(-11808,766) val(14976,216)
size: 108 noofinsert:0 pos(0,0) val(0,0)
pos(-8464,798) val(15792,216)
size: 108 noofinsert:0 pos(0,0) val(0,0)
pos(15040,801) val(15584,216)
size: 108 noofinsert:0 pos(0,0) val(0,0)
pos(-23520,801) val(9984,216)
size: 108 noofinsert:0 pos(0,0) val(0,0)
pos(-31040,803) val(15616,216)
size: 108 noofinsert:0 pos(0,0) val(0,0)
pos(-27160,807) val(15424,216)
size: 108 noofinsert:0 pos(0,0) val(0,0)
pos(25216,649) val(15984,88)
size: 108 noofinsert:0 pos(0,0) val(0,0)
pos(-14720,655) val(21376,88)
size: 108 noofinsert:0 pos(0,0) val(0,0)
pos(25928,693) val(15760,88)
size: 108 noofinsert:0 pos(0,0) val(0,0)
pos(-15424,693) val(15136,88)
size: 108 noofinsert:0 pos(0,0) val(0,0)
pos(-11808,693) val(15136,88)
size: 108 noofinsert:0 pos(0,0) val(0,0)
pos(-30328,725) val(15952,88)
size: 108 noofinsert:0 pos(0,0) val(0,0)
pos(-6824,727) val(15744,88)
size: 108 noofinsert:0 pos(0,0) val(0,0)
pos(20256,728) val(10144,88)
size: 108 noofinsert:0 pos(0,0) val(0,0)
pos(12632,730) val(15776,88)
size: 108 noofinsert:0 pos(0,0) val(0,0)
pos(16512,734) val(15584,88)
size: 108 noofinsert:0 pos(0,0) val(0,0)
pos(25216,630) val(15024,140)
size: 108 noofinsert:0 pos(0,0) val(0,0)
pos(-14720,636) val(20416,140)
size: 108 noofinsert:0 pos(0,0) val(0,0)
pos(25928,674) val(14800,140)
size: 108 noofinsert:0 pos(0,0) val(0,0)
pos(-15424,674) val(14176,140)
size: 108 noofinsert:0 pos(0,0) val(0,0)
pos(-11808,674) val(14176,140)
size: 108 noofinsert:0 pos(0,0) val(0,0)
pos(-30328,706) val(14992,140)
size: 108 noofinsert:0 pos(0,0) val(0,0)
pos(-6824,708) val(14784,140)
size: 108 noofinsert:0 pos(0,0) val(0,0)
pos(20256,709) val(9184,140)
size: 108 noofinsert:0 pos(0,0) val(0,0)
pos(12632,711) val(14816,140)
size: 108 noofinsert:0 pos(0,0) val(0,0)
pos(16512,715) val(14624,140)
size: 108 noofinsert:0 pos(0,0) val(0,0)
pos(25216,720) val(16272,202)
size: 108 noofinsert:0 pos(0,0) val(0,0)
pos(-14720,726) val(21664,202)
size: 108 noofinsert:0 pos(0,0) val(0,0)
pos(25928,764) val(16048,202)
size: 108 noofinsert:0 pos(0,0) val(0,0)
pos(-15424,764) val(15424,202)
size: 108 noofinsert:0 pos(0,0) val(0,0)
pos(-11808,764) val(15424,202)
size: 108 noofinsert:0 pos(0,0) val(0,0)
pos(-30328,796) val(16240,202)
size: 108 noofinsert:0 pos(0,0) val(0,0)
pos(-6824,798) val(16032,202)
size: 108 noofinsert:0 pos(0,0) val(0,0)
pos(20256,799) val(10432,202)
size: 108 noofinsert:0 pos(0,0) val(0,0)
pos(12632,801) val(16064,202)
size: 108 noofinsert:0 pos(0,0) val(0,0)
pos(16512,805) val(15872,202)
size: 108 noofinsert:0 pos(0,0) val(0,0)
pos(25216,744) val(14368,210)
size: 108 noofinsert:0 pos(0,0) val(0,0)
pos(-14720,750) val(19760,210)
size: 108 noofinsert:0 pos(0,0) val(0,0)
pos(25928,788) val(14144,210)
size: 108 noofinsert:0 pos(0,0) val(0,0)
pos(-15424,788) val(13520,210)
size: 108 noofinsert:0 pos(0,0) val(0,0)
pos(-11808,788) val(13520,210)
size: 108 noofinsert:0 pos(0,0) val(0,0)
pos(-30328,820) val(14336,210)
size: 108 noofinsert:0 pos(0,0) val(0,0)
pos(-6824,822) val(14128,210)
size: 108 noofinsert:0 pos(0,0) val(0,0)
pos(20256,823) val(8528,210)
size: 108 noofinsert:0 pos(0,0) val(0,0)
pos(12632,825) val(14160,210)
size: 108 noofinsert:0 pos(0,0) val(0,0)
pos(16512,829) val(13968,210)
size: 108 noofinsert:0 pos(0,0) val(0,0)
pos(25216,793) val(15584,250)
size: 108 noofinsert:0 pos(0,0) val(0,0)
pos(-14720,799) val(20976,250)
size: 108 noofinsert:0 pos(0,0) val(0,0)
pos(25928,837) val(15360,250)
size: 108 noofinsert:0 pos(0,0) val(0,0)
pos(-15424,837) val(14736,250)
size: 108 noofinsert:0 pos(0,0) val(0,0)
pos(-11808,837) val(14736,250)
size: 108 noofinsert:0 pos(0,0) val(0,0)
pos(-30328,869) val(15552,250)
size: 108 noofinsert:0 pos(0,0) val(0,0)
pos(-6824,871) val(15344,250)
size: 108 noofinsert:0 pos(0,0) val(0,0)
pos(20152,872) val(9744,250)
size: 108 noofinsert:0 pos(0,0) val(0,0)
pos(12632,874) val(15376,250)
size: 108 noofinsert:0 pos(0,0) val(0,0)
pos(16512,878) val(15184,250)
size: 108 noofinsert:0 pos(0,0) val(0,0)
pos(25216,609) val(15216,94)
size: 108 noofinsert:0 pos(0,0) val(0,0)
pos(-14720,615) val(20608,94)
size: 108 noofinsert:0 pos(0,0) val(0,0)
pos(25928,653) val(14992,94)
size: 108 noofinsert:0 pos(0,0) val(0,0)
pos(-15424,653) val(14368,94)
size: 108 noofinsert:0 pos(0,0) val(0,0)
pos(-11808,653) val(14368,94)
size: 108 noofinsert:0 pos(0,0) val(0,0)
pos(-30328,685) val(15184,94)
size: 108 noofinsert:0 pos(0,0) val(0,0)
pos(-6824,687) val(14976,94)
size: 108 noofinsert:0 pos(0,0) val(0,0)
pos(20256,688) val(9376,94)
size: 108 noofinsert:0 pos(0,0) val(0,0)
pos(12632,690) val(15008,94)
size: 108 noofinsert:0 pos(0,0) val(0,0)
pos(16512,694) val(14816,94)
size: 108 noofinsert:0 pos(0,0) val(0,0)
pos(25216,747) val(15568,203)
size: 108 noofinsert:0 pos(0,0) val(0,0)
pos(-14720,753) val(20960,203)
size: 108 noofinsert:0 pos(0,0) val(0,0)
pos(25928,791) val(15344,203)
size: 108 noofinsert:0 pos(0,0) val(0,0)
pos(-15424,791) val(14720,203)
size: 108 noofinsert:0 pos(0,0) val(0,0)
pos(-11808,791) val(14720,203)
size: 108 noofinsert:0 pos(0,0) val(0,0)
pos(-30328,823) val(15536,203)
size: 108 noofinsert:0 pos(0,0) val(0,0)
pos(-6824,825) val(15328,203)
size: 108 noofinsert:0 pos(0,0) val(0,0)
pos(20256,826) val(9728,203)
size: 108 noofinsert:0 pos(0,0) val(0,0)
pos(24544,828) val(15360,203)
size: 108 noofinsert:0 pos(0,0) val(0,0)
pos(28424,832) val(15168,203)
size: 108 noofinsert:0 pos(0,0) val(0,0)
pos(25216,592) val(15072,69)
size: 108 noofinsert:0 pos(0,0) val(0,0)
pos(-14720,598) val(20464,69)
size: 108 noofinsert:0 pos(0,0) val(0,0)
pos(25928,636) val(14848,69)
size: 108 noofinsert:0 pos(0,0) val(0,0)
pos(-15424,636) val(14224,69)
size: 108 noofinsert:0 pos(0,0) val(0,0)
pos(-11808,636) val(14224,69)
size: 108 noofinsert:0 pos(0,0) val(0,0)
pos(-30328,668) val(15040,69)
size: 108 noofinsert:0 pos(0,0) val(0,0)
pos(-6824,670) val(14832,69)
size: 108 noofinsert:0 pos(0,0) val(0,0)
pos(20152,671) val(9232,69)
size: 108 noofinsert:0 pos(0,0) val(0,0)
pos(12632,673) val(14864,69)
size: 108 noofinsert:0 pos(0,0) val(0,0)
pos(16512,677) val(14672,69)
size: 108 noofinsert:0 pos(0,0) val(0,0)
pos(25216,609) val(14560,91)
size: 108 noofinsert:0 pos(0,0) val(0,0)
pos(-14720,615) val(19952,91)
size: 108 noofinsert:0 pos(0,0) val(0,0)
pos(25928,653) val(14336,91)
size: 108 noofinsert:0 pos(0,0) val(0,0)
pos(-15424,653) val(13712,91)
size: 108 noofinsert:0 pos(0,0) val(0,0)
pos(-11808,653) val(13712,91)
size: 108 noofinsert:0 pos(0,0) val(0,0)
pos(-30328,685) val(14528,91)
size: 108 noofinsert:0 pos(0,0) val(0,0)
pos(-6824,687) val(14320,91)
size: 108 noofinsert:0 pos(0,0) val(0,0)
pos(20256,688) val(8720,91)
size: 108 noofinsert:0 pos(0,0) val(0,0)
pos(12632,690) val(14352,91)
size: 108 noofinsert:0 pos(0,0) val(0,0)
pos(16512,694) val(14160,91)
size: 108 noofinsert:0 pos(0,0) val(0,0)
pos(25216,586) val(15968,83)
size: 108 noofinsert:0 pos(0,0) val(0,0)
pos(-14720,592) val(21360,83)
size: 108 noofinsert:0 pos(0,0) val(0,0)
pos(25928,630) val(15744,83)
size: 108 noofinsert:0 pos(0,0) val(0,0)
pos(-15424,630) val(15120,83)
size: 108 noofinsert:0 pos(0,0) val(0,0)
pos(-11808,630) val(15120,83)
size: 108 noofinsert:0 pos(0,0) val(0,0)
pos(-30328,662) val(15936,83)
size: 108 noofinsert:0 pos(0,0) val(0,0)
pos(-6824,664) val(15728,83)
size: 108 noofinsert:0 pos(0,0) val(0,0)
pos(20256,665) val(10128,83)
size: 108 noofinsert:0 pos(0,0) val(0,0)
pos(12632,667) val(15760,83)
size: 108 noofinsert:0 pos(0,0) val(0,0)
pos(16512,671) val(15568,83)
size: 108 noofinsert:0 pos(0,0) val(0,0)
pos(25216,808) val(14400,295)
size: 108 noofinsert:0 pos(0,0) val(0,0)
pos(-14720,814) val(19792,295)
size: 108 noofinsert:0 pos(0,0) val(0,0)
pos(25928,852) val(14176,295)
size: 108 noofinsert:0 pos(0,0) val(0,0)
pos(-15424,852) val(13552,295)
size: 108 noofinsert:0 pos(0,0) val(0,0)
pos(-11808,852) val(13552,295)
size: 108 noofinsert:0 pos(0,0) val(0,0)
pos(-30328,884) val(14368,295)
size: 108 noofinsert:0 pos(0,0) val(0,0)
pos(-6824,886) val(14160,295)
size: 108 noofinsert:0 pos(0,0) val(0,0)
pos(20152,887) val(8560,295)
size: 108 noofinsert:0 pos(0,0) val(0,0)
pos(12632,889) val(14192,295)
size: 108 noofinsert:0 pos(0,0) val(0,0)
pos(16512,893) val(14000,295)
size: 108 noofinsert:0 pos(0,0) val(0,0)
pos(25216,645) val(14368,129)
size: 108 noofinsert:0 pos(0,0) val(0,0)
pos(-14720,651) val(19760,129)
size: 108 noofinsert:0 pos(0,0) val(0,0)
pos(25928,689) val(14144,129)
size: 108 noofinsert:0 pos(0,0) val(0,0)
pos(-15424,689) val(13520,129)
size: 108 noofinsert:0 pos(0,0) val(0,0)
pos(-11808,689) val(13520,129)
size: 108 noofinsert:0 pos(0,0) val(0,0)
pos(-30328,721) val(14336,129)
size: 108 noofinsert:0 pos(0,0) val(0,0)
pos(-6824,723) val(14128,129)
size: 108 noofinsert:0 pos(0,0) val(0,0)
pos(20256,724) val(8528,129)
size: 108 noofinsert:0 pos(0,0) val(0,0)
pos(12632,726) val(14160,129)
size: 108 noofinsert:0 pos(0,0) val(0,0)
pos(16512,730) val(13968,129)
size: 108 noofinsert:0 pos(0,0) val(0,0)
pos(25216,605) val(15680,105)
size: 108 noofinsert:0 pos(0,0) val(0,0)
pos(-14720,611) val(21072,105)
size: 108 noofinsert:0 pos(0,0) val(0,0)
pos(25928,649) val(15456,105)
size: 108 noofinsert:0 pos(0,0) val(0,0)
pos(-15424,649) val(14832,105)
size: 108 noofinsert:0 pos(0,0) val(0,0)
pos(-11808,649) val(14832,105)
size: 108 noofinsert:0 pos(0,0) val(0,0)
pos(-30312,681) val(15648,105)
size: 108 noofinsert:0 pos(0,0) val(0,0)
pos(-6808,683) val(15440,105)
size: 108 noofinsert:0 pos(0,0) val(0,0)
pos(20272,684) val(9840,105)
size: 108 noofinsert:0 pos(0,0) val(0,0)
pos(12648,686) val(15472,105)
size: 108 noofinsert:0 pos(0,0) val(0,0)
pos(16528,690) val(15280,105)
size: 108 noofinsert:0 pos(0,0) val(0,0)
pos(25216,708) val(14896,173)
size: 108 noofinsert:0 pos(0,0) val(0,0)
pos(-14720,714) val(20288,173)
size: 108 noofinsert:0 pos(0,0) val(0,0)
pos(25928,752) val(14672,173)
size: 108 noofinsert:0 pos(0,0) val(0,0)
pos(-15424,752) val(14048,173)
size: 108 noofinsert:0 pos(0,0) val(0,0)
pos(-11808,752) val(14048,173)
size: 108 noofinsert:0 pos(0,0) val(0,0)
pos(-30312,784) val(14864,173)
size: 108 noofinsert:0 pos(0,0) val(0,0)
pos(-6808,786) val(14656,173)
size: 108 noofinsert:0 pos(0,0) val(0,0)
pos(20168,787) val(9056,173)
size: 108 noofinsert:0 pos(0,0) val(0,0)
pos(12648,789) val(14688,173)
size: 108 noofinsert:0 pos(0,0) val(0,0)
pos(16528,793) val(14496,173)
size: 108 noofinsert:0 pos(0,0) val(0,0)
pos(25216,677) val(15840,160)
size: 108 noofinsert:0 pos(0,0) val(0,0)
pos(-14720,683) val(21232,160)
size: 108 noofinsert:0 pos(0,0) val(0,0)
pos(25928,721) val(15616,160)
size: 108 noofinsert:0 pos(0,0) val(0,0)
pos(-15424,721) val(14992,160)
size: 108 noofinsert:0 pos(0,0) val(0,0)
pos(-11808,721) val(14992,160)
size: 108 noofinsert:0 pos(0,0) val(0,0)
pos(-30312,753) val(15808,160)
size: 108 noofinsert:0 pos(0,0) val(0,0)
pos(-6808,755) val(15600,160)
size: 108 noofinsert:0 pos(0,0) val(0,0)
pos(20168,756) val(10000,160)
size: 108 noofinsert:0 pos(0,0) val(0,0)
pos(12648,758) val(15632,160)
size: 108 noofinsert:0 pos(0,0) val(0,0)
pos(16528,762) val(15440,160)
size: 108 noofinsert:0 pos(0,0) val(0,0)
pos(25216,783) val(14976,280)
size: 108 noofinsert:0 pos(0,0) val(0,0)
pos(-14720,789) val(20368,280)
size: 108 noofinsert:0 pos(0,0) val(0,0)
pos(25928,827) val(14752,280)
size: 108 noofinsert:0 pos(0,0) val(0,0)
pos(-15424,827) val(14128,280)
size: 108 noofinsert:0 pos(0,0) val(0,0)
pos(-11808,827) val(14128,280)
size: 108 noofinsert:0 pos(0,0) val(0,0)
pos(-30312,859) val(14944,280)
size: 108 noofinsert:0 pos(0,0) val(0,0)
pos(-6808,861) val(14736,280)
size: 108 noofinsert:0 pos(0,0) val(0,0)
pos(20168,862) val(9136,280)
size: 108 noofinsert:0 pos(0,0) val(0,0)
pos(12648,864) val(14768,280)
size: 108 noofinsert:0 pos(0,0) val(0,0)
pos(16528,868) val(14576,280)
size: 108 noofinsert:0 pos(0,0) val(0,0)
pos(25216,742) val(14496,226)
size: 108 noofinsert:0 pos(0,0) val(0,0)
pos(-14720,748) val(19888,226)
size: 108 noofinsert:0 pos(0,0) val(0,0)
pos(25928,786) val(14272,226)
size: 108 noofinsert:0 pos(0,0) val(0,0)
pos(-15424,786) val(13648,226)
size: 108 noofinsert:0 pos(0,0) val(0,0)
pos(-11808,786) val(13648,226)
size: 108 noofinsert:0 pos(0,0) val(0,0)
pos(-30312,818) val(14464,226)
size: 108 noofinsert:0 pos(0,0) val(0,0)
pos(-6808,820) val(14256,226)
size: 108 noofinsert:0 pos(0,0) val(0,0)
pos(20272,821) val(8656,226)
size: 108 noofinsert:0 pos(0,0) val(0,0)
pos(12648,823) val(14288,226)
size: 108 noofinsert:0 pos(0,0) val(0,0)
pos(16528,827) val(14096,226)
size: 108 noofinsert:0 pos(0,0) val(0,0)
pos(25216,783) val(15632,251)
size: 108 noofinsert:0 pos(0,0) val(0,0)
pos(-14720,789) val(21024,251)
size: 108 noofinsert:0 pos(0,0) val(0,0)
pos(25928,827) val(15408,251)
size: 108 noofinsert:0 pos(0,0) val(0,0)
pos(-15424,827) val(14784,251)
size: 108 noofinsert:0 pos(0,0) val(0,0)
pos(-11808,827) val(14784,251)
size: 108 noofinsert:0 pos(0,0) val(0,0)
pos(-30312,859) val(15600,251)
size: 108 noofinsert:0 pos(0,0) val(0,0)
pos(-6808,861) val(15392,251)
size: 108 noofinsert:0 pos(0,0) val(0,0)
pos(20272,862) val(9792,251)
size: 108 noofinsert:0 pos(0,0) val(0,0)
pos(12648,864) val(15424,251)
size: 108 noofinsert:0 pos(0,0) val(0,0)
pos(16528,868) val(15232,251)
size: 108 noofinsert:0 pos(0,0) val(0,0)
pos(25216,594) val(15184,74)
size: 108 noofinsert:0 pos(0,0) val(0,0)
pos(-14720,600) val(20576,74)
size: 108 noofinsert:0 pos(0,0) val(0,0)
pos(25928,638) val(14960,74)
size: 108 noofinsert:0 pos(0,0) val(0,0)
pos(-15424,638) val(14336,74)
size: 108 noofinsert:0 pos(0,0) val(0,0)
pos(-11808,638) val(14336,74)
size: 108 noofinsert:0 pos(0,0) val(0,0)
pos(-30312,670) val(15152,74)
size: 108 noofinsert:0 pos(0,0) val(0,0)
pos(-6808,672) val(14944,74)
size: 108 noofinsert:0 pos(0,0) val(0,0)
pos(20272,673) val(9344,74)
size: 108 noofinsert:0 pos(0,0) val(0,0)
pos(12648,675) val(14976,74)
size: 108 noofinsert:0 pos(0,0) val(0,0)
pos(16528,679) val(14784,74)
size: 108 noofinsert:0 pos(0,0) val(0,0)
pos(25216,717) val(15040,189)
size: 108 noofinsert:0 pos(0,0) val(0,0)
pos(-14720,723) val(20432,189)
size: 108 noofinsert:0 pos(0,0) val(0,0)
pos(25928,761) val(14816,189)
size: 108 noofinsert:0 pos(0,0) val(0,0)
pos(-15424,761) val(14192,189)
size: 108 noofinsert:0 pos(0,0) val(0,0)
pos(-11808,761) val(14192,189)
size: 108 noofinsert:0 pos(0,0) val(0,0)
pos(-30312,793) val(15008,189)
size: 108 noofinsert:0 pos(0,0) val(0,0)
pos(-6808,795) val(14800,189)
size: 108 noofinsert:0 pos(0,0) val(0,0)
pos(20168,796) val(9200,189)
size: 108 noofinsert:0 pos(0,0) val(0,0)
pos(12648,798) val(14832,189)
size: 108 noofinsert:0 pos(0,0) val(0,0)
pos(16528,802) val(14640,189)
